Lunar IPS (LIPS) Version 1.01
Apply IPS Patch Log

Offset    Size    RLE    IPS_File_Range       IPS_File_Size
------    ----    ID     00000000-00000004        5
106CAC     188    No     00000005-00000191      18D
30D51A       1    No     00000192-00000197        6
30D6EF       1    No     00000198-0000019D        6
30D862       1    No     0000019E-000001A3        6
30D94F       1    No     000001A4-000001A9        6
30DBC1       2    No     000001AA-000001B0        7
30DD24       1    No     000001B1-000001B6        6
30DEA5       1    No     000001B7-000001BC        6
30DF81       1    No     000001BD-000001C2        6
30E7B8       1    No     000001C3-000001C8        6
30E872       6    No     000001C9-000001D3        B
30E980       1    No     000001D4-000001D9        6
30E9C9     CEA    No     000001DA-00000EC8      CEF
30FE80       1    No     00000EC9-00000ECE        6
30FE89       2    No     00000ECF-00000ED5        7
327EA3       1    No     00000ED6-00000EDB        6
327EC8       1    No     00000EDC-00000EE1        6
32836C       2    No     00000EE2-00000EE8        7
328B62       1    No     00000EE9-00000EEE        6
328DE1       1    No     00000EEF-00000EF4        6
32A087       1    No     00000EF5-00000EFA        6
32A285       1    No     00000EFB-00000F00        6
32A498       1    No     00000F01-00000F06        6
32A4BA       1    No     00000F07-00000F0C        6
32A623       1    No     00000F0D-00000F12        6
32A648       1    No     00000F13-00000F18        6
32A654       8    No     00000F19-00000F25        D
32A6AA       1    No     00000F26-00000F2B        6
32A6B6       1    No     00000F2C-00000F31        6
32AA8F     92C    No     00000F32-00001862      931
32B3C1     917    No     00001863-0000217E      91C
6D983F       1    No     0000217F-00002184        6
6D9853       1    No     00002185-0000218A        6
6D992B       2    No     0000218B-00002191        7
6D9937       2    No     00002192-00002198        7
6D9941       1    No     00002199-0000219E        6
6D9949       1    No     0000219F-000021A4        6
6D9952       1    No     000021A5-000021AA        6
6D995A       1    No     000021AB-000021B0        6
6D9975       2    No     000021B1-000021B7        7
6D9990       1    No     000021B8-000021BD        6
6D99AC       2    No     000021BE-000021C4        7
6D99D5       2    No     000021C5-000021CB        7
6D99F0       1    No     000021CC-000021D1        6
6D9A03       1    No     000021D2-000021D7        6
6D9A91       2    No     000021D8-000021DE        7
6D9AA4       2    No     000021DF-000021E5        7
6D9AE8       1    No     000021E6-000021EB        6
6D9B0F       2    No     000021EC-000021F2        7
6D9B31       2    No     000021F3-000021F9        7
6D9B47       2    No     000021FA-00002200        7
6D9CBD       1    No     00002201-00002206        6
6D9D66       C    No     00002207-00002217       11
6D9D91       1    No     00002218-0000221D        6
6D9DFF       2    No     0000221E-00002224        7
6D9E25       2    No     00002225-0000222B        7
6D9E2D       2    No     0000222C-00002232        7
6D9E49       2    No     00002233-00002239        7
6D9E66       1    No     0000223A-0000223F        6
6D9E6E       1    No     00002240-00002245        6
6D9E83       6    No     00002246-00002250        B
6D9EA3       1    No     00002251-00002256        6
6D9ECB       2    No     00002257-0000225D        7
6D9ED6       1    No     0000225E-00002263        6
6D9EE4       2    No     00002264-0000226A        7
6D9EF5       2    No     0000226B-00002271        7
6D9F4F       2    No     00002272-00002278        7
6D9F60       7    No     00002279-00002284        C
6D9F70       1    No     00002285-0000228A        6
6D9F82       2    No     0000228B-00002291        7
6D9FA2       2    No     00002292-00002298        7
6D9FAE       1    No     00002299-0000229E        6
6D9FCC       1    No     0000229F-000022A4        6
6DA002       2    No     000022A5-000022AB        7
6DA024       2    No     000022AC-000022B2        7
6DA046      FD    No     000022B3-000023B4      102
6DA149     16D    No     000023B5-00002526      172
6DA2BC     3CB    No     00002527-000028F6      3D0
6DA691      18    No     000028F7-00002913       1D
6DA6B3      75    No     00002914-0000298D       7A
6DA732       7    No     0000298E-00002999        C
6DA743       7    No     0000299A-000029A5        C
6DA754       7    No     000029A6-000029B1        C
6DA765      C6    No     000029B2-00002A7C       CB
6DA835     180    No     00002A7D-00002C01      185
6DA9BF      57    No     00002C02-00002C5D       5C
6DAA1C       7    No     00002C5E-00002C69        C
6DAA2D       7    No     00002C6A-00002C75        C
6DAA3E       7    No     00002C76-00002C81        C
6DAA4F       7    No     00002C82-00002C8D        C
6DAA60       7    No     00002C8E-00002C99        C
6DAA71       7    No     00002C9A-00002CA5        C
6DAA82       7    No     00002CA6-00002CB1        C
6DAA93       7    No     00002CB2-00002CBD        C
6DAAA4       7    No     00002CBE-00002CC9        C
6DAAB5       7    No     00002CCA-00002CD5        C
6DAAC6       7    No     00002CD6-00002CE1        C
6DAAD7       7    No     00002CE2-00002CED        C
6DAAE8       7    No     00002CEE-00002CF9        C
6DAAF9       7    No     00002CFA-00002D05        C
6DAB0A       7    No     00002D06-00002D11        C
6DAB1B       7    No     00002D12-00002D1D        C
6DAB2C       7    No     00002D1E-00002D29        C
6DAB3D       7    No     00002D2A-00002D35        C
6DAB4E       7    No     00002D36-00002D41        C
6DAB5F       7    No     00002D42-00002D4D        C
6DAB70       7    No     00002D4E-00002D59        C
6DAB81       7    No     00002D5A-00002D65        C
6DAB92       7    No     00002D66-00002D71        C
6DABA3       7    No     00002D72-00002D7D        C
6DABB4       7    No     00002D7E-00002D89        C
6DABC5       7    No     00002D8A-00002D95        C
6DABD6       7    No     00002D96-00002DA1        C
6DABE7       7    No     00002DA2-00002DAD        C
6DABF8       7    No     00002DAE-00002DB9        C
6DAC09       7    No     00002DBA-00002DC5        C
6DAC1A       7    No     00002DC6-00002DD1        C
6DAC2B       7    No     00002DD2-00002DDD        C
6DAC3C       7    No     00002DDE-00002DE9        C
6DAC4D       7    No     00002DEA-00002DF5        C
6DAC5E       7    No     00002DF6-00002E01        C
6DAC6F       7    No     00002E02-00002E0D        C
6DAC80       7    No     00002E0E-00002E19        C
6DAC91       7    No     00002E1A-00002E25        C
6DACA2       7    No     00002E26-00002E31        C
6DACB3       7    No     00002E32-00002E3D        C
6DACC4       7    No     00002E3E-00002E49        C
6DACD5       7    No     00002E4A-00002E55        C
6DACE6       7    No     00002E56-00002E61        C
6DACF7       7    No     00002E62-00002E6D        C
6DAD08       7    No     00002E6E-00002E79        C
6DAD19       7    No     00002E7A-00002E85        C
6DAD2A       7    No     00002E86-00002E91        C
6DAD3B       7    No     00002E92-00002E9D        C
6DAD4C       7    No     00002E9E-00002EA9        C
6DAD5D       7    No     00002EAA-00002EB5        C
6DAD6E       7    No     00002EB6-00002EC1        C
6DAD7F       7    No     00002EC2-00002ECD        C
6DAD90       7    No     00002ECE-00002ED9        C
6DADA1       7    No     00002EDA-00002EE5        C
6DADB2       7    No     00002EE6-00002EF1        C
6DADC3       7    No     00002EF2-00002EFD        C
6DADD4       7    No     00002EFE-00002F09        C
6DADE5       7    No     00002F0A-00002F15        C
6DADF6       7    No     00002F16-00002F21        C
6DAE07       7    No     00002F22-00002F2D        C
6DAE18       7    No     00002F2E-00002F39        C
6DAE29       7    No     00002F3A-00002F45        C
6DAE3A       7    No     00002F46-00002F51        C
6DAE4B       7    No     00002F52-00002F5D        C
6DAE5C       7    No     00002F5E-00002F69        C
6DAE6D       7    No     00002F6A-00002F75        C
6DAE7E       7    No     00002F76-00002F81        C
6DAE8F       7    No     00002F82-00002F8D        C
6DAEA0       7    No     00002F8E-00002F99        C
6DAEB1       7    No     00002F9A-00002FA5        C
6DAEC2       7    No     00002FA6-00002FB1        C
6DAECF       9    No     00002FB2-00002FBF        E
6DDC86      2E    Yes    00002FC0-00002FC7        8
6DDCC1      13    No     00002FC8-00002FDF       18
6DDCE2      12    No     00002FE0-00002FF6       17
6DDD07       D    No     00002FF7-00003008       12
6DDD21      13    No     00003009-00003020       18
6DDD48       C    No     00003021-00003031       11
6DDD64       F    No     00003032-00003045       14
6DDD88       C    No     00003046-00003056       11
6DDDA5       E    No     00003057-00003069       13
6DDDBC      18    No     0000306A-00003086       1D
6DDDE4      10    No     00003087-0000309B       15
6DDE00      14    No     0000309C-000030B4       19
6DDE24      10    No     000030B5-000030C9       15
6DDE45      2C    Yes    000030CA-000030D1        8
6DE077      31    Yes    000030D2-000030D9        8
6DE0B4       B    No     000030DA-000030E9       10
6DE0C1      15    Yes    000030EA-000030F1        8
6DE0D6       A    No     000030F2-00003100        F
6DE0E1      14    Yes    00003101-00003108        8
6DE0F6       9    No     00003109-00003116        E
6DE100       8    Yes    00003117-0000311E        8
6DE114      11    No     0000311F-00003134       16
6DE134      18    No     00003135-00003151       1D
6DE154      15    No     00003152-0000316B       1A
6DE174       C    No     0000316C-0000317C       11
6DE182       6    Yes    0000317D-00003184        8
6DE194       A    No     00003185-00003193        F
6DE19E       A    Yes    00003194-0000319B        8
6DE1B4       C    No     0000319C-000031AC       11
6DE1C1      14    Yes    000031AD-000031B4        8
6DE1D7      13    No     000031B5-000031CC       18
6DE1F4       C    No     000031CD-000031DD       11
6DE200       8    Yes    000031DE-000031E5        8
6DE214      16    No     000031E6-00003200       1B
6DE235      30    Yes    00003201-00003208        8
6E4FA2      2F    Yes    00003209-00003210        8
6E4FD3       1    No     00003211-00003216        6
6E4FE7       D    No     00003217-00003228       12
6E4FFC      18    No     00003229-00003245       1D
6E501F      14    No     00003246-0000325E       19
6E5039      1A    No     0000325F-0000327D       1F
6E505E      15    No     0000327E-00003297       1A
6E5080      14    No     00003298-000032B0       19
6E509F      15    No     000032B1-000032CA       1A
6E50C7       C    No     000032CB-000032DB       11
6E50DC      18    No     000032DC-000032F8       1D
6E50FD      17    No     000032F9-00003314       1C
6E5124      2E    No     00003315-00003347       33
6E515D      16    No     00003348-00003362       1B
6E517D      17    No     00003363-0000337E       1C
6E519D      36    No     0000337F-000033B9       3B
6E51E0      32    Yes    000033BA-000033C1        8
6E5395      13    Yes    000033C2-000033C9        8
6E53BB       1    No     000033CA-000033CF        6
6E53D5       F    No     000033D0-000033E3       14
6E53F4      12    No     000033E4-000033FA       17
6E5415      13    No     000033FB-00003412       18
6E5434      14    No     00003413-0000342B       19
6E5454       A    No     0000342C-0000343A        F
6E5465       3    No     0000343B-00003442        8
6E5474       D    No     00003443-00003454       12
6E5496      12    No     00003455-0000346B       17
6E54B5      13    Yes    0000346C-00003473        8
6E54D5       8    No     00003474-00003480        D
6E54E5      11    Yes    00003481-00003488        8
6E54F6      11    No     00003489-0000349E       16
6E5514       5    No     0000349F-000034A8        A
6E5519       C    Yes    000034A9-000034B0        8
6E5534      12    No     000034B1-000034C7       17
6E5556      12    No     000034C8-000034DE       17
6E5574      14    No     000034DF-000034F7       19
6E5594      1B    No     000034F8-00003517       20
6E55B5      12    No     00003518-0000352E       17
6E55F5      11    Yes    0000352F-00003536        8
711295       1    No     00003537-0000353C        6
7112A5       1    No     0000353D-00003542        6
7112D7       1    No     00003543-00003548        6
7112F5       1    No     00003549-0000354E        6
71130F       1    No     0000354F-00003554        6
711319       1    No     00003555-0000355A        6
71132B       1    No     0000355B-00003560        6
71133C       1    No     00003561-00003566        6
711347       1    No     00003567-0000356C        6
711356       1    No     0000356D-00003572        6
711467       1    No     00003573-00003578        6
7114B4       1    No     00003579-0000357E        6
7114C9       1    No     0000357F-00003584        6
7118D9       1    No     00003585-0000358A        6
711964       1    No     0000358B-00003590        6
711982       5    No     00003591-0000359A        A
711993       7    No     0000359B-000035A6        C
7119B1     CDF    No     000035A7-0000428A      CE4
764E3E     17D    No     0000428B-0000440C      182
764FC3      19    No     0000440D-0000442A       1E
764FE4      18    No     0000442B-00004447       1D
765003      19    No     00004448-00004465       1E
765024     118    No     00004466-00004582      11D
76C231       B    No     00004583-00004592       10
76C37D      17    No     00004593-000045AE       1C
76C39D       C    No     000045AF-000045BF       11
76EF39       2    No     000045C0-000045C6        7
76EF8D       E    No     000045C7-000045D9       13
76EFDD       A    No     000045DA-000045E8        F
77EFA1       3    No     000045E9-000045F0        8
77EFBB       9    No     000045F1-000045FE        E
77EFD0      14    No     000045FF-00004617       19
77EFF4      10    No     00004618-0000462C       15
77F00D      2E    No     0000462D-0000465F       33
77F09F       1    No     00004660-00004665        6
77F0A6      6B    No     00004666-000046D5       70
77F11C      1F    No     000046D6-000046F9       24
77F19E      12    No     000046FA-00004710       17
77F1BC       F    No     00004711-00004724       14
77F1DC       5    No     00004725-0000472E        A
77F21E      1D    No     0000472F-00004750       22
77F29E       1    No     00004751-00004756        6
7802BB       1    No     00004757-0000475C        6
7802D8       2    No     0000475D-00004763        7
78031A       1    No     00004764-00004769        6
78059F       5    No     0000476A-00004773        A
7805BC       8    No     00004774-00004780        D
7805DC       7    No     00004781-0000478C        C
780603       1    No     0000478D-00004792        6
78061C       5    No     00004793-0000479C        A
787FCA      12    No     0000479D-000047B3       17
787FF2       A    No     000047B4-000047C2        F
78800A      10    No     000047C3-000047D7       15
788031       8    No     000047D8-000047E4        D
78803F       D    No     000047E5-000047F6       12
78805C      10    No     000047F7-0000480B       15
788083       5    No     0000480C-00004815        A
7880A0       5    No     00004816-0000481F        A
7AD547       1    No     00004820-00004825        6
7AD54F       1    No     00004826-0000482B        6
7AD557       1    No     0000482C-00004831        6
7AD564       1    No     00004832-00004837        6
7AD56C       1    No     00004838-0000483D        6
7AD574       1    No     0000483E-00004843        6
7F05E8      14    No     00004844-0000485C       19
7F099E      1E    No     0000485D-0000487F       23
8BB11A     27E    No     00004880-00004B02      283
B004E9       A    No     00004B03-00004B11        F
B0050A       B    No     00004B12-00004B21       10
B00549      16    No     00004B22-00004B3C       1B
B01816       E    No     00004B3D-00004B4F       13
B01834       F    No     00004B50-00004B63       14
B01854       F    No     00004B64-00004B77       14
B01875       D    No     00004B78-00004B89       12
B01896       E    No     00004B8A-00004B9C       13
B018B5       F    No     00004B9D-00004BB0       14
B018D4       F    No     00004BB1-00004BC4       14
B018F4       F    No     00004BC5-00004BD8       14
B01917       D    No     00004BD9-00004BEA       12
B01C07       D    No     00004BEB-00004BFC       12
B01C26       9    No     00004BFD-00004C0A        E
B01C44       D    No     00004C0B-00004C1C       12
B01C65       C    No     00004C1D-00004C2D       11
B01C86       2    No     00004C2E-00004C34        7
B01C8E       6    No     00004C35-00004C3F        B
B01CA4       F    No     00004C40-00004C53       14
B01CC6       E    No     00004C54-00004C66       13
B01CE5       E    No     00004C67-00004C79       13
B01D07       1    No     00004C7A-00004C7F        6
B01D0F       5    No     00004C80-00004C89        A
B020DB       9    No     00004C8A-00004C97        E
B020F2      12    No     00004C98-00004CAE       17
B0211A       9    No     00004CAF-00004CBC        E
B02131      12    No     00004CBD-00004CD3       17
B02151       7    No     00004CD4-00004CDF        C
B024C7       D    No     00004CE0-00004CF1       12
B024E6       F    No     00004CF2-00004D05       14
B02505       E    No     00004D06-00004D18       13
B02525       F    No     00004D19-00004D2C       14
B0254C       8    No     00004D2D-00004D39        D
B03DE5      27    No     00004D3A-00004D65       2C
B03E13      31    No     00004D66-00004D9B       36
B03E4A      1A    No     00004D9C-00004DBA       1F
B03E71      13    No     00004DBB-00004DD2       18
B03E91       7    No     00004DD3-00004DDE        C
B03EA0      24    No     00004DDF-00004E07       29
B03ECE      56    No     00004E08-00004E62       5B
B041E5       A    No     00004E63-00004E71        F
B041F6       5    No     00004E72-00004E7B        A
B04205      15    No     00004E7C-00004E95       1A
B04225      12    No     00004E96-00004EAC       17
B04245      12    No     00004EAD-00004EC3       17
B04265       F    No     00004EC4-00004ED7       14
B0428A       A    No     00004ED8-00004EE6        F
B042A6      2D    No     00004EE7-00004F18       32
B042E5       9    Yes    00004F19-00004F20        8
B042EE      32    No     00004F21-00004F57       37
B0ECC5      1A    No     00004F58-00004F76       1F
B0ED05      1F    No     00004F77-00004F9A       24
B0ED45      1B    No     00004F9B-00004FBA       20
B0EE25      1A    No     00004FBB-00004FD9       1F
B0EE65      1F    No     00004FDA-00004FFD       24
B0EEA5      1B    No     00004FFE-0000501D       20
B0F006       D    No     0000501E-0000502F       12
B0F0CA       9    No     00005030-0000503D        E
B0F0D9       7    No     0000503E-00005049        C
B0F105      1A    No     0000504A-00005068       1F
B0F145      1A    No     00005069-00005087       1F
B0F22A       9    No     00005088-00005095        E
B0F239       7    No     00005096-000050A1        C
B0F265       9    Yes    000050A2-000050A9        8
B0F26E      11    No     000050AA-000050BF       16
B0F2A5       9    Yes    000050C0-000050C7        8
B0F2AE      11    No     000050C8-000050DD       16
B33000     200    No     000050DE-000052E2      205
B33200      F8    Yes    000052E3-000052EA        8
B332F8       7    No     000052EB-000052F6        C
B332FF      39    Yes    000052F7-000052FE        8
B33338       6    No     000052FF-00005309        B
B3333E     240    Yes    0000530A-00005311        8
B3357E       1    No     00005312-00005317        6
B3357F     2FA    Yes    00005318-0000531F        8
B33879       2    No     00005320-00005326        7
B3387B     194    Yes    00005327-0000532E        8
B33A0F      AF    No     0000532F-000053E2       B4
B33ABE      49    Yes    000053E3-000053EA        8
B33B07      B6    No     000053EB-000054A5       BB
B33BBD      A0    Yes    000054A6-000054AD        8
B33C5D      23    No     000054AE-000054D5       28
B33C80      18    Yes    000054D6-000054DD        8
B33C98      A8    No     000054DE-0000558A       AD
B33D40      13    Yes    0000558B-00005592        8
B33D53      2D    No     00005593-000055C4       32
B33D80      18    Yes    000055C5-000055CC        8
B33D98      21    No     000055CD-000055F2       26
B33DB9      6E    Yes    000055F3-000055FA        8
B33E27      19    No     000055FB-00005618       1E
B33E40      11    Yes    00005619-00005620        8
B33E51      2F    No     00005621-00005654       34
B33E80      A7    Yes    00005655-0000565C        8
B33F27      19    No     0000565D-0000567A       1E
B33F40      19    Yes    0000567B-00005682        8
B33F59      26    No     00005683-000056AD       2B
B33F7F      10    Yes    000056AE-000056B5        8
B33F8F      6F    No     000056B6-00005729       74
B33FFE     187    Yes    0000572A-00005731        8
B34185     1BB    No     00005732-000058F1      1C0
B34340      20    Yes    000058F2-000058F9        8
B34360      20    No     000058FA-0000591E       25
B34380      2F    Yes    0000591F-00005926        8
B343AF     152    No     00005927-00005A7D      157
B34501      14    Yes    00005A7E-00005A85        8
B34515      2B    No     00005A86-00005AB5       30
B34540      10    Yes    00005AB6-00005ABD        8
B34550      50    No     00005ABE-00005B12       55
B345A0       F    Yes    00005B13-00005B1A        8
B345AF      50    No     00005B1B-00005B6F       55
B345FF      15    Yes    00005B70-00005B77        8
B34614      2C    No     00005B78-00005BA8       31
B34640      10    Yes    00005BA9-00005BB0        8
B34650     120    No     00005BB1-00005CD5      125
B34770      10    Yes    00005CD6-00005CDD        8
B34780      16    Yes    00005CDE-00005CE5        8
B34796      69    No     00005CE6-00005D53       6E
B347FF     105    Yes    00005D54-00005D5B        8
B34904      38    No     00005D5C-00005D98       3D
B3493C      27    Yes    00005D99-00005DA0        8
B34963     61C    No     00005DA1-000063C1      621
B34F7F     105    Yes    000063C2-000063C9        8
B35084      24    No     000063CA-000063F2       29
B350A8      18    Yes    000063F3-000063FA        8
B350C0      28    No     000063FB-00006427       2D
B350E8      18    Yes    00006428-0000642F        8
B35100      22    No     00006430-00006456       27
B35122      1E    Yes    00006457-0000645E        8
B35140       F    Yes    0000645F-00006466        8
B3514F      17    No     00006467-00006482       1C
B35166      1A    Yes    00006483-0000648A        8
B35180      28    No     0000648B-000064B7       2D
B351A8      18    Yes    000064B8-000064BF        8
B351C0      28    No     000064C0-000064EC       2D
B351E8      18    Yes    000064ED-000064F4        8
B35200      22    No     000064F5-0000651B       27
B35222      1E    Yes    0000651C-00006523        8
B35240      24    No     00006524-0000654C       29
B35264      5D    Yes    0000654D-00006554        8
B352C1      27    No     00006555-00006580       2C
B352E8      18    Yes    00006581-00006588        8
B35300      21    No     00006589-000065AE       26
B35321      1F    Yes    000065AF-000065B6        8
B35340      27    No     000065B7-000065E2       2C
B35367      19    Yes    000065E3-000065EA        8
B35380      25    No     000065EB-00006614       2A
B353A5      1B    Yes    00006615-0000661C        8
B353C0      24    No     0000661D-00006645       29
B353E4      1C    Yes    00006646-0000664D        8
B35400      30    No     0000664E-00006682       35
B35430      10    Yes    00006683-0000668A        8
B35440      22    No     0000668B-000066B1       27
B35462      22    Yes    000066B2-000066B9        8
B35484      24    No     000066BA-000066E2       29
B354A8      18    Yes    000066E3-000066EA        8
B354C0      28    No     000066EB-00006717       2D
B354E8      18    Yes    00006718-0000671F        8
B35500      18    Yes    00006720-00006727        8
B35518      17    No     00006728-00006743       1C
B3552F      11    Yes    00006744-0000674B        8
B35540      21    No     0000674C-00006771       26
B35561      23    Yes    00006772-00006779        8
B35584      24    No     0000677A-000067A2       29
B355A8      18    Yes    000067A3-000067AA        8
B355C0       F    Yes    000067AB-000067B2        8
B355CF      15    No     000067B3-000067CC       1A
B355E4      1C    Yes    000067CD-000067D4        8
B35600      28    No     000067D5-00006801       2D
B35628      18    Yes    00006802-00006809        8
B35640      28    No     0000680A-00006836       2D
B35668      18    Yes    00006837-0000683E        8
B35680      28    No     0000683F-0000686B       2D
B356A8      18    Yes    0000686C-00006873        8
B356C0      23    No     00006874-0000689B       28
B356E3     8DC    Yes    0000689C-000068A3        8
B35FBF       1    No     000068A4-000068A9        6
B35FC0      31    Yes    000068AA-000068B1        8
B35FF1       D    No     000068B2-000068C3       12
B35FFE      BC    Yes    000068C4-000068CB        8
B360BA       4    No     000068CC-000068D4        9
B360BE     131    Yes    000068D5-000068DC        8
B361EF      11    No     000068DD-000068F2       16
B36200      1C    Yes    000068F3-000068FA        8
B3621C      22    No     000068FB-00006921       27
B3623E     1A8    Yes    00006922-00006929        8
B363E6      1A    No     0000692A-00006948       1F
B36400      20    Yes    00006949-00006950        8
B36420      1E    No     00006951-00006973       23
B3643E      34    Yes    00006974-0000697B        8
B36472       D    No     0000697C-0000698D       12
B3647F      25    Yes    0000698E-00006995        8
B364A4      1C    No     00006996-000069B6       21
B364C0      28    Yes    000069B7-000069BE        8
B364E8      11    No     000069BF-000069D4       16
B364F9      70    Yes    000069D5-000069DC        8
B36569      17    No     000069DD-000069F8       1C
B36580     186    Yes    000069F9-00006A00        8
B36706      77    No     00006A01-00006A7C       7C
B3677D      52    Yes    00006A7D-00006A84        8
B367CF      71    No     00006A85-00006AFA       76
B36840      3E    Yes    00006AFB-00006B02        8
B3687E       2    No     00006B03-00006B09        7
B36880      30    Yes    00006B0A-00006B11        8
B368B0      10    No     00006B12-00006B26       15
B368C0      86    Yes    00006B27-00006B2E        8
B36946      77    No     00006B2F-00006BAA       7C
B369BD     185    Yes    00006BAB-00006BB2        8
B36B42     117    No     00006BB3-00006CCE      11C
B36C59      1B    Yes    00006CCF-00006CD6        8
B36C74       C    No     00006CD7-00006CE7       11
B36C80      2F    Yes    00006CE8-00006CEF        8
B36CAF      52    No     00006CF0-00006D46       57
B36D01     185    Yes    00006D47-00006D4E        8
B36E86      8B    No     00006D4F-00006DDE       90
B36F11      1E    Yes    00006DDF-00006DE6        8
B36F2F      27    No     00006DE7-00006E12       2C
B36F56      12    Yes    00006E13-00006E1A        8
B36F68      A8    No     00006E1B-00006EC7       AD
B37010      1A    Yes    00006EC8-00006ECF        8
B3702A      E6    No     00006ED0-00006FBA       EB
B37110      1B    Yes    00006FBB-00006FC2        8
B3712B      6D    No     00006FC3-00007034       72
B37198      28    Yes    00007035-0000703C        8
B371C0      C0    No     0000703D-00007101       C5
B37280      1E    Yes    00007102-00007109        8
B3729E      43    No     0000710A-00007151       48
B372E1      15    Yes    00007152-00007159        8
B372F6     186    No     0000715A-000072E4      18B
B3747C     189    Yes    000072E5-000072EC        8
B37605     119    No     000072ED-0000740A      11E
B3771E      19    Yes    0000740B-00007412        8
B37737     155    No     00007413-0000756C      15A
B3788C      23    Yes    0000756D-00007574        8
B378AF     159    No     00007575-000076D2      15E
B37A08       F    Yes    000076D3-000076DA        8
B37A17     1E4    No     000076DB-000078C3      1E9
B37BFB     189    Yes    000078C4-000078CB        8
B37D84       4    No     000078CC-000078D4        9
B37D88      38    Yes    000078D5-000078DC        8
B37DC0       8    No     000078DD-000078E9        D
B37DC8      38    Yes    000078EA-000078F1        8
B37E00       8    No     000078F2-000078FE        D
B37E08      38    Yes    000078FF-00007906        8
B37E40       4    No     00007907-0000790F        9
B37E44      3C    Yes    00007910-00007917        8
B37E80       7    No     00007918-00007923        C
B37E87      3D    Yes    00007924-0000792B        8
B37EC4       4    No     0000792C-00007934        9
B37EC8      38    Yes    00007935-0000793C        8
B37F00       2    No     0000793D-00007943        7
B37F02      41    Yes    00007944-0000794B        8
B37F43       5    No     0000794C-00007955        A
B37F48      38    Yes    00007956-0000795D        8
B37F80       8    No     0000795E-0000796A        D
B37F88      38    Yes    0000796B-00007972        8
B37FC0       8    No     00007973-0000797F        D
B37FC8      38    Yes    00007980-00007987        8
B38000       3    No     00007988-0000798F        8
B38003      3E    Yes    00007990-00007997        8
B38041      16    No     00007998-000079B2       1B
B38057      29    Yes    000079B3-000079BA        8
B38080       F    No     000079BB-000079CE       14
B3808F      33    Yes    000079CF-000079D6        8
B380C2      7D    No     000079D7-00007A58       82
B3813F      82    Yes    00007A59-00007A60        8
B381C1       4    No     00007A61-00007A69        9
B381C5      41    Yes    00007A6A-00007A71        8
B38206       2    No     00007A72-00007A78        7
B38208      38    Yes    00007A79-00007A80        8
B38240       8    No     00007A81-00007A8D        D
B38248      38    Yes    00007A8E-00007A95        8
B38280       6    No     00007A96-00007AA0        B
B38286      3D    Yes    00007AA1-00007AA8        8
B382C3       5    No     00007AA9-00007AB2        A
B382C8      38    Yes    00007AB3-00007ABA        8
B38300       8    No     00007ABB-00007AC7        D
B38308      38    Yes    00007AC8-00007ACF        8
B38340       3    No     00007AD0-00007AD7        8
B38343     503    Yes    00007AD8-00007ADF        8
B38846      2A    No     00007AE0-00007B0E       2F
B38870      10    Yes    00007B0F-00007B16        8
B38880      2B    No     00007B17-00007B46       30
B388AB     3DC    Yes    00007B47-00007B4E        8
B38C87      59    No     00007B4F-00007BAC       5E
B38CE0      1A    Yes    00007BAD-00007BB4        8
B38CFA       6    No     00007BB5-00007BBF        B
B38D00       E    Yes    00007BC0-00007BC7        8
B38D0E      6E    No     00007BC8-00007C3A       73
B38D7C     290    Yes    00007C3B-00007C42        8
B3900C      34    No     00007C43-00007C7B       39
B39040      10    Yes    00007C7C-00007C83        8
B39050      30    No     00007C84-00007CB8       35
B39080      20    Yes    00007CB9-00007CC0        8
B390A0      20    No     00007CC1-00007CE5       25
B390C0      20    Yes    00007CE6-00007CED        8
B390E0      1C    No     00007CEE-00007D0E       21
B390FC     152    Yes    00007D0F-00007D16        8
B3924E      6E    No     00007D17-00007D89       73
B392BC     149    Yes    00007D8A-00007D91        8
B39405      68    No     00007D92-00007DFE       6D
B3946D      15    Yes    00007DFF-00007E06        8
B39482      7E    No     00007E07-00007E89       83
B39500      10    Yes    00007E8A-00007E91        8
B39510      B0    No     00007E92-00007F46       B5
B395C0      1C    Yes    00007F47-00007F4E        8
B395DC      24    No     00007F4F-00007F77       29
B39600      18    Yes    00007F78-00007F7F        8
B39618      28    No     00007F80-00007FAC       2D
B39640      12    Yes    00007FAD-00007FB4        8
B39652      2E    No     00007FB5-00007FE7       33
B39680      20    Yes    00007FE8-00007FEF        8
B396A0      1B    No     00007FF0-0000800F       20
B396BB      1C    Yes    00008010-00008017        8
B396D7      29    No     00008018-00008045       2E
B39700      10    Yes    00008046-0000804D        8
B39710      30    No     0000804E-00008082       35
B39740      2C    Yes    00008083-0000808A        8
B3976C      C6    No     0000808B-00008155       CB
B39832       E    Yes    00008156-0000815D        8
B39840      3C    No     0000815E-0000819E       41
B3987C      68    Yes    0000819F-000081A6        8
B398E4      1C    No     000081A7-000081C7       21
B39900      28    Yes    000081C8-000081CF        8
B39928      18    No     000081D0-000081EC       1D
B39940      27    Yes    000081ED-000081F4        8
B39967      19    No     000081F5-00008212       1E
B39980      11    Yes    00008213-0000821A        8
B39991      AA    No     0000821B-000082C9       AF
B39A3B     14A    Yes    000082CA-000082D1        8
B39B85      39    No     000082D2-0000830F       3E
B39BBE      11    Yes    00008310-00008317        8
B39BCF     25A    No     00008318-00008576      25F
B39E29       F    Yes    00008577-0000857E        8
B39E38     248    No     0000857F-000087CB      24D
B3A080      25    Yes    000087CC-000087D3        8
B3A0A5      38    No     000087D4-00008810       3D
B3A0DD      1E    Yes    00008811-00008818        8
B3A0FB      A6    No     00008819-000088C3       AB
B3A1A1     163    Yes    000088C4-000088CB        8
B3A304      2C    No     000088CC-000088FC       31
B3A330      10    Yes    000088FD-00008904        8
B3A340      23    No     00008905-0000892C       28
B3A363      1F    Yes    0000892D-00008934        8
B3A382      2E    No     00008935-00008967       33
B3A3B0      10    Yes    00008968-0000896F        8
B3A3C0      28    No     00008970-0000899C       2D
B3A3E8      18    Yes    0000899D-000089A4        8
B3A400      2B    No     000089A5-000089D4       30
B3A42B      15    Yes    000089D5-000089DC        8
B3A440      2E    No     000089DD-00008A0F       33
B3A46E      12    Yes    00008A10-00008A17        8
B3A480      2D    No     00008A18-00008A49       32
B3A4AD      13    Yes    00008A4A-00008A51        8
B3A4C0      69    No     00008A52-00008ABF       6E
B3A529      17    Yes    00008AC0-00008AC7        8
B3A540      17    Yes    00008AC8-00008ACF        8
B3A557      16    No     00008AD0-00008AEA       1B
B3A56D      13    Yes    00008AEB-00008AF2        8
B3A580      11    No     00008AF3-00008B08       16
B3A591      30    Yes    00008B09-00008B10        8
B3A5C1      2F    No     00008B11-00008B44       34
B3A5F0      10    Yes    00008B45-00008B4C        8
B3A600      2A    No     00008B4D-00008B7B       2F
B3A62A      16    Yes    00008B7C-00008B83        8
B3A640      10    Yes    00008B84-00008B8B        8
B3A650      18    No     00008B8C-00008BA8       1D
B3A668      18    Yes    00008BA9-00008BB0        8
B3A680      2D    No     00008BB1-00008BE2       32
B3A6AD      13    Yes    00008BE3-00008BEA        8
B3A6C0      2C    No     00008BEB-00008C1B       31
B3A6EC      15    Yes    00008C1C-00008C23        8
B3A701      2F    No     00008C24-00008C57       34
B3A730      10    Yes    00008C58-00008C5F        8
B3A740      23    No     00008C60-00008C87       28
B3A763      24    Yes    00008C88-00008C8F        8
B3A787      A6    No     00008C90-00008D3A       AB
B3A82D      13    Yes    00008D3B-00008D42        8
B3A840      28    No     00008D43-00008D6F       2D
B3A868      18    Yes    00008D70-00008D77        8
B3A880      2C    No     00008D78-00008DA8       31
B3A8AC      14    Yes    00008DA9-00008DB0        8
B3A8C0      2E    No     00008DB1-00008DE3       33
B3A8EE      12    Yes    00008DE4-00008DEB        8
B3A900      11    No     00008DEC-00008E01       16
B3A911     86F    Yes    00008E02-00008E09        8
F027B4       3    No     00008E0A-00008E11        8
F04FCE       4    No     00008E12-00008E1A        9
F08576       4    No     00008E1B-00008E23        9
F08586       4    No     00008E24-00008E2C        9
F08596       4    No     00008E2D-00008E35        9
F085A6       4    No     00008E36-00008E3E        9
F085B6       4    No     00008E3F-00008E47        9
F09698       4    No     00008E48-00008E50        9
F0A500       3    No     00008E51-00008E58        8
F0AE48       3    No     00008E59-00008E60        8
F0AEFC       3    No     00008E61-00008E68        8
F0B01C       4    No     00008E69-00008E71        9
F0B188       3    No     00008E72-00008E79        8
F0B290       3    No     00008E7A-00008E81        8
F0B33E       1    No     00008E82-00008E87        6
F0B7C4       3    No     00008E88-00008E8F        8
F0B838       3    No     00008E90-00008E97        8
F0B9B8       1    No     00008E98-00008E9D        6
F0B9CC       1    No     00008E9E-00008EA3        6
F0B9E0       1    No     00008EA4-00008EA9        6
F0B9F4       3    No     00008EAA-00008EB1        8
F0BAC0       3    No     00008EB2-00008EB9        8
F0BAD8       1    No     00008EBA-00008EBF        6
F0BBF0       3    No     00008EC0-00008EC7        8
F0BC62       1    No     00008EC8-00008ECD        6
F0BDD8       1    No     00008ECE-00008ED3        6
F0BDE6       1    No     00008ED4-00008ED9        6
F0BF88       1    No     00008EDA-00008EDF        6
F0C088       4    No     00008EE0-00008EE8        9
F0C3A0       3    No     00008EE9-00008EF0        8
F0C6B4       1    No     00008EF1-00008EF6        6
F0CAE4       4    No     00008EF7-00008EFF        9
F0CB1E       4    No     00008F00-00008F08        9
F0D138       1    No     00008F09-00008F0E        6
F0D162       1    No     00008F0F-00008F14        6
F0D208       3    No     00008F15-00008F1C        8
F0D236       1    No     00008F1D-00008F22        6
F0D2A4       3    No     00008F23-00008F2A        8
F0D37C       3    No     00008F2B-00008F32        8
F0D396       1    No     00008F33-00008F38        6
F0D3DC       3    No     00008F39-00008F40        8
F0D5D0       6    No     00008F41-00008F4B        B
F0D63C       6    No     00008F4C-00008F56        B
F0D66E       2    No     00008F57-00008F5D        7
F0D676       2    No     00008F5E-00008F64        7
F0DB3C       1    No     00008F65-00008F6A        6
F0DBBC       B    No     00008F6B-00008F7A       10
F0DBD0       3    No     00008F7B-00008F82        8
F0DBDC       3    No     00008F83-00008F8A        8
F0DBE8       B    No     00008F8B-00008F9A       10
F0DC40       1    No     00008F9B-00008FA0        6
F0DC74       1    No     00008FA1-00008FA6        6
F0DCC4       B    No     00008FA7-00008FB6       10
F0DD72       1    No     00008FB7-00008FBC        6
F0DDA8       1    No     00008FBD-00008FC2        6
F0DDB4       1    No     00008FC3-00008FC8        6
F0DDE0       1    No     00008FC9-00008FCE        6
F0DE4C       3    No     00008FCF-00008FD6        8
F0DE78       1    No     00008FD7-00008FDC        6
F0DF52       1    No     00008FDD-00008FE2        6
F0DF6A       1    No     00008FE3-00008FE8        6
F0DF78       7    No     00008FE9-00008FF4        C
F0DFA0       1    No     00008FF5-00008FFA        6
F0E1FE       1    No     00008FFB-00009000        6
F0E2A0       7    No     00009001-0000900C        C
F0F226       4    No     0000900D-00009015        9
F0F2DA       4    No     00009016-0000901E        9
F10350       4    No     0000901F-00009027        9
F10F32       1    No     00009028-0000902D        6
F1258E       4    No     0000902E-00009036        9
F1B3C8       7    No     00009037-00009042        C
F26E9E       4    No     00009043-0000904B        9
F26EC2       3    No     0000904C-00009053        8
F2711C      3A    No     00009054-00009092       3F
F2742D       C    No     00009093-000090A3       11
F27442       8    No     000090A4-000090B0        D
F275E6       7    No     000090B1-000090BC        C
F275F5       1    No     000090BD-000090C2        6
F275FE       1    No     000090C3-000090C8        6
F27607       1    No     000090C9-000090CE        6
F27610      28    No     000090CF-000090FB       2D
F2764A       D    No     000090FC-0000910D       12
F2766A       5    No     0000910E-00009117        A
F27678       C    No     00009118-00009128       11
F2768F       E    No     00009129-0000913B       13
F276BC       D    No     0000913C-0000914D       12
F276DC       5    No     0000914E-00009157        A
F276EA       E    No     00009158-0000916A       13
F27701       E    No     0000916B-0000917D       13
F27770       7    No     0000917E-00009189        C
F2777F       1    No     0000918A-0000918F        6
F27788       1    No     00009190-00009195        6
F27791       1    No     00009196-0000919B        6
F2779A       1    No     0000919C-000091A1        6
F277A3       1    No     000091A2-000091A7        6
F2780E       F    No     000091A8-000091BB       14
F2783B      10    No     000091BC-000091D0       15
F278A0       A    No     000091D1-000091DF        F
F278B5       F    No     000091E0-000091F3       14
F27A90      3B    No     000091F4-00009233       40
F27ADC      17    No     00009234-0000924F       1C
F27AFC       F    No     00009250-00009263       14
F27B14      8B    No     00009264-000092F3       90
F27BA8     11B    No     000092F4-00009413      120
F27CCC      3F    No     00009414-00009457       44
F27D14      8F    No     00009458-000094EB       94
F27DB8      93    No     000094EC-00009583       98
F27E54      33    No     00009584-000095BB       38
F27E90      C3    No     000095BC-00009683       C8
F27F60       3    No     00009684-0000968B        8
F27F6C     22B    No     0000968C-000098BB      230
F281A8      AB    No     000098BC-0000996B       B0
F2825C      3B    No     0000996C-000099AB       40
F282A0      13    No     000099AC-000099C3       18
F282C4      5F    No     000099C4-00009A27       64
F28330       F    No     00009A28-00009A3B       14
F28348      7F    No     00009A3C-00009ABF       84
F283D0       7    No     00009AC0-00009ACB        C
F283F0      53    No     00009ACC-00009B23       58
F28450      B3    No     00009B24-00009BDB       B8
F2850C      4F    No     00009BDC-00009C2F       54
F28564       F    No     00009C30-00009C43       14
F2857C     333    No     00009C44-00009F7B      338
F288BC      4B    No     00009F7C-00009FCB       50
F28914     113    No     00009FCC-0000A0E3      118
F28A34      17    No     0000A0E4-0000A0FF       1C
F28A58      7B    No     0000A100-0000A17F       80
F28AE4      33    No     0000A180-0000A1B7       38
F28B20      5B    No     0000A1B8-0000A217       60
F28B84      17    No     0000A218-0000A233       1C
F28BAC      4B    No     0000A234-0000A283       50
F28C2C       F    No     0000A284-0000A297       14
F28C50      13    No     0000A298-0000A2AF       18
F28C70      9B    No     0000A2B0-0000A34F       A0
F28D30      53    No     0000A350-0000A3A7       58
F28DCC      23    No     0000A3A8-0000A3CF       28
F28EE4     10B    No     0000A3D0-0000A4DF      110
F28FF8       7    No     0000A4E0-0000A4EB        C
F29008       B    No     0000A4EC-0000A4FB       10
F29024      3F    No     0000A4FC-0000A53F       44
F2906C      5B    No     0000A540-0000A59F       60
F29204     10B    No     0000A5A0-0000A6AF      110
F29318       7    No     0000A6B0-0000A6BB        C
F29328       B    No     0000A6BC-0000A6CB       10
F29344      3F    No     0000A6CC-0000A70F       44
F2938C      5B    No     0000A710-0000A76F       60
F29524      17    No     0000A770-0000A78B       1C
F29548      8F    No     0000A78C-0000A81F       94
F295E8      1B    No     0000A820-0000A83F       20
F29610       7    No     0000A840-0000A84B        C
F29664       3    No     0000A84C-0000A853        8
F29688      43    No     0000A854-0000A89B       48
F296D8      57    No     0000A89C-0000A8F7       5C
F29738      1B    No     0000A8F8-0000A917       20
F29764      2B    No     0000A918-0000A947       30
F297A0      5B    No     0000A948-0000A9A7       60
F29804      17    No     0000A9A8-0000A9C3       1C
F2982C      27    No     0000A9C4-0000A9EF       2C
F2985C      17    No     0000A9F0-0000AA0B       1C
F298B8      8F    No     0000AA0C-0000AA9F       94
F299DC     2A3    No     0000AAA0-0000AD47      2A8
F29C8A      7D    No     0000AD48-0000ADC9       82
F29E84       3    No     0000ADCA-0000ADD1        8
F29F50       3    No     0000ADD2-0000ADD9        8
F29FB6      11    No     0000ADDA-0000ADEF       16
F29FCE       9    No     0000ADF0-0000ADFD        E
F2A076      39    No     0000ADFE-0000AE3B       3E
F2A0B6       9    No     0000AE3C-0000AE49        E
F2A0C6       5    No     0000AE4A-0000AE53        A
F2A27C     19D    No     0000AE54-0000AFF5      1A2
F2A420      A9    No     0000AFF6-0000B0A3       AE
F2A4D0       1    No     0000B0A4-0000B0A9        6
F2A4D8       5    No     0000B0AA-0000B0B3        A
F2A4E4       1    No     0000B0B4-0000B0B9        6
F2A4EC      69    No     0000B0BA-0000B127       6E
F2A55C       1    No     0000B128-0000B12D        6
F2A564       1    No     0000B12E-0000B133        6
F2A56C       5    No     0000B134-0000B13D        A
F2A578       1    No     0000B13E-0000B143        6
F2A580      15    No     0000B144-0000B15D       1A
F2A5B8       7    No     0000B15E-0000B169        C
F2A5C8       7    No     0000B16A-0000B175        C
F2A5D8       7    No     0000B176-0000B181        C
F2A5E8       7    No     0000B182-0000B18D        C
F2A5F8       7    No     0000B18E-0000B199        C
F2A608       7    No     0000B19A-0000B1A5        C
F2A618       7    No     0000B1A6-0000B1B1        C
F2A628       7    No     0000B1B2-0000B1BD        C
F2A638       7    No     0000B1BE-0000B1C9        C
F2A648       7    No     0000B1CA-0000B1D5        C
F2A658       7    No     0000B1D6-0000B1E1        C
F2A668       7    No     0000B1E2-0000B1ED        C
F2A678       7    No     0000B1EE-0000B1F9        C
F2A688       7    No     0000B1FA-0000B205        C
F2A698       7    No     0000B206-0000B211        C
F2A6B8       7    No     0000B212-0000B21D        C
F2A6C8       7    No     0000B21E-0000B229        C
F2A6D8       7    No     0000B22A-0000B235        C
F2A6E8       7    No     0000B236-0000B241        C
F2A6F8       7    No     0000B242-0000B24D        C
F2A708       7    No     0000B24E-0000B259        C
F2A718       6    No     0000B25A-0000B264        B
F2A728       7    No     0000B265-0000B270        C
F2A738       7    No     0000B271-0000B27C        C
F2A748       7    No     0000B27D-0000B288        C
F2A758       7    No     0000B289-0000B294        C
F2A769       6    No     0000B295-0000B29F        B
F2A779       6    No     0000B2A0-0000B2AA        B
F2A788       7    No     0000B2AB-0000B2B6        C
F2A798       7    No     0000B2B7-0000B2C2        C
F2A7A8       7    No     0000B2C3-0000B2CE        C
F2A7B8       7    No     0000B2CF-0000B2DA        C
F2A7C8       7    No     0000B2DB-0000B2E6        C
F2A7D8       7    No     0000B2E7-0000B2F2        C
F2A7E8       7    No     0000B2F3-0000B2FE        C
F2A7F8       7    No     0000B2FF-0000B30A        C
F2A808       7    No     0000B30B-0000B316        C
F2A818       7    No     0000B317-0000B322        C
F2A828       7    No     0000B323-0000B32E        C
F2A838       7    No     0000B32F-0000B33A        C
F2A848       7    No     0000B33B-0000B346        C
F2A858       7    No     0000B347-0000B352        C
F2A868       7    No     0000B353-0000B35E        C
F2A878       7    No     0000B35F-0000B36A        C
F2A888       7    No     0000B36B-0000B376        C
F2A899       6    No     0000B377-0000B381        B
F2A8A8       7    No     0000B382-0000B38D        C
F2A8B8       7    No     0000B38E-0000B399        C
F2A8C8       6    No     0000B39A-0000B3A4        B
F2A8D8       7    No     0000B3A5-0000B3B0        C
F2A8E8       7    No     0000B3B1-0000B3BC        C
F2A8F8       7    No     0000B3BD-0000B3C8        C
F2A908       7    No     0000B3C9-0000B3D4        C
F2A918       6    No     0000B3D5-0000B3DF        B
F2A928       7    No     0000B3E0-0000B3EB        C
F2A938       8    No     0000B3EC-0000B3F8        D
F2A949       6    No     0000B3F9-0000B403        B
F2A958       6    No     0000B404-0000B40E        B
F2A968       7    No     0000B40F-0000B41A        C
F2A978       7    No     0000B41B-0000B426        C
F2A988       8    No     0000B427-0000B433        D
F2A998       8    No     0000B434-0000B440        D
F2A9F8       8    No     0000B441-0000B44D        D
F2AA08       8    No     0000B44E-0000B45A        D
F2AA18       8    No     0000B45B-0000B467        D
F2AA28       8    No     0000B468-0000B474        D
F2AA38       8    No     0000B475-0000B481        D
F2AA48       8    No     0000B482-0000B48E        D
F2AA58       8    No     0000B48F-0000B49B        D
F2AA68       8    No     0000B49C-0000B4A8        D
F2AA78       8    No     0000B4A9-0000B4B5        D
F2AA88       8    No     0000B4B6-0000B4C2        D
F2AA98       8    No     0000B4C3-0000B4CF        D
F2AAB8       8    No     0000B4D0-0000B4DC        D
F2AAC8       8    No     0000B4DD-0000B4E9        D
F2AAD8       8    No     0000B4EA-0000B4F6        D
F2AAE8       8    No     0000B4F7-0000B503        D
F2AAF8       8    No     0000B504-0000B510        D
F2AB08       8    No     0000B511-0000B51D        D
F2AB18       8    No     0000B51E-0000B52A        D
F2AB28       8    No     0000B52B-0000B537        D
F2AB38       8    No     0000B538-0000B544        D
F2AB48       8    No     0000B545-0000B551        D
F2AB58       8    No     0000B552-0000B55E        D
F2AB68       8    No     0000B55F-0000B56B        D
F2AB78       8    No     0000B56C-0000B578        D
F2AB88       8    No     0000B579-0000B585        D
F2AB98       8    No     0000B586-0000B592        D
F2ABA8       8    No     0000B593-0000B59F        D
F2ABB8       8    No     0000B5A0-0000B5AC        D
F2ABC8       8    No     0000B5AD-0000B5B9        D
F2ABD8       8    No     0000B5BA-0000B5C6        D
F2ABE8       8    No     0000B5C7-0000B5D3        D
F2ABF8       8    No     0000B5D4-0000B5E0        D
F2AC08       8    No     0000B5E1-0000B5ED        D
F2AC18       8    No     0000B5EE-0000B5FA        D
F2AC28       8    No     0000B5FB-0000B607        D
F2AC38       8    No     0000B608-0000B614        D
F2AC48       8    No     0000B615-0000B621        D
F2AC58       8    No     0000B622-0000B62E        D
F2AC68       8    No     0000B62F-0000B63B        D
F2AC78       8    No     0000B63C-0000B648        D
F2AC88       8    No     0000B649-0000B655        D
F2AC98       8    No     0000B656-0000B662        D
F2ACA8       8    No     0000B663-0000B66F        D
F2ACB8       8    No     0000B670-0000B67C        D
F2ACC8       8    No     0000B67D-0000B689        D
F2ACD8       8    No     0000B68A-0000B696        D
F2ACE8       8    No     0000B697-0000B6A3        D
F2ACF8       8    No     0000B6A4-0000B6B0        D
F2AD08       8    No     0000B6B1-0000B6BD        D
F2AD18       8    No     0000B6BE-0000B6CA        D
F2AD28       8    No     0000B6CB-0000B6D7        D
F2AD38       8    No     0000B6D8-0000B6E4        D
F2AD48       8    No     0000B6E5-0000B6F1        D
F2AD58       8    No     0000B6F2-0000B6FE        D
F2AD68       8    No     0000B6FF-0000B70B        D
F2AD78       8    No     0000B70C-0000B718        D
F2AD88       8    No     0000B719-0000B725        D
F2AD98       8    No     0000B726-0000B732        D
F2ADA8       8    No     0000B733-0000B73F        D
F2ADB8       8    No     0000B740-0000B74C        D
F2ADC8       8    No     0000B74D-0000B759        D
F2ADD8       8    No     0000B75A-0000B766        D
F2ADE8       8    No     0000B767-0000B773        D
F2ADF8       8    No     0000B774-0000B780        D
F2AE08       8    No     0000B781-0000B78D        D
F2AE18       8    No     0000B78E-0000B79A        D
F2AE28       8    No     0000B79B-0000B7A7        D
F2AE38       8    No     0000B7A8-0000B7B4        D
F2AE48       8    No     0000B7B5-0000B7C1        D
F2AE58       8    No     0000B7C2-0000B7CE        D
F2AE68       8    No     0000B7CF-0000B7DB        D
F2AE78       8    No     0000B7DC-0000B7E8        D
F2AE88       8    No     0000B7E9-0000B7F5        D
F2AE98       8    No     0000B7F6-0000B802        D
F2AEA8       8    No     0000B803-0000B80F        D
F2AEB8       8    No     0000B810-0000B81C        D
F2AEC8       8    No     0000B81D-0000B829        D
F2AFCB       1    No     0000B82A-0000B82F        6
F2AFD8       7    No     0000B830-0000B83B        C
F2AFE9       1    No     0000B83C-0000B841        6
F2B008       3    No     0000B842-0000B849        8
F2B028       7    No     0000B84A-0000B855        C
F2B038       7    No     0000B856-0000B861        C
F2B05E       2    No     0000B862-0000B868        7
F2B06E       2    No     0000B869-0000B86F        7
F2B07B       1    No     0000B870-0000B875        6
F2B159       6    No     0000B876-0000B880        B
F2B168       8    No     0000B881-0000B88D        D
F2B179       6    No     0000B88E-0000B898        B
F2B199       6    No     0000B899-0000B8A3        B
F2B1A9       3    No     0000B8A4-0000B8AB        8
F2B1B8       7    No     0000B8AC-0000B8B7        C
F2B1C8       7    No     0000B8B8-0000B8C3        C
F2B1DA       3    No     0000B8C4-0000B8CB        8
F2B1E8       7    No     0000B8CC-0000B8D7        C
F2B1F8       7    No     0000B8D8-0000B8E3        C
F2B208       7    No     0000B8E4-0000B8EF        C
F2B21A       5    No     0000B8F0-0000B8F9        A
F2B228       7    No     0000B8FA-0000B905        C
F2B248       7    No     0000B906-0000B911        C
F2B258       7    No     0000B912-0000B91D        C
F2B268       7    No     0000B91E-0000B929        C
F2B278       7    No     0000B92A-0000B935        C
F2B288       7    No     0000B936-0000B941        C
F2B2A8       7    No     0000B942-0000B94D        C
F2B2BC       3    No     0000B94E-0000B955        8
F2B2C8       7    No     0000B956-0000B961        C
F2B2D8       7    No     0000B962-0000B96D        C
F2B2E9       6    Yes    0000B96E-0000B975        8
F2B2F8       1    No     0000B976-0000B97B        6
F2B308       6    No     0000B97C-0000B986        B
F2B318       7    No     0000B987-0000B992        C
F2B328       7    No     0000B993-0000B99E        C
F2B338       7    No     0000B99F-0000B9AA        C
F2B349       5    No     0000B9AB-0000B9B4        A
F2B3BE       1    No     0000B9B5-0000B9BA        6
F2B3DA       5    No     0000B9BB-0000B9C4        A
F2B409       6    No     0000B9C5-0000B9CF        B
F2B41A       1    No     0000B9D0-0000B9D5        6
F2B438       7    No     0000B9D6-0000B9E1        C
F2B448       7    No     0000B9E2-0000B9ED        C
F2B458       7    No     0000B9EE-0000B9F9        C
F2B468       7    Yes    0000B9FA-0000BA01        8
F2B47A       5    No     0000BA02-0000BA0B        A
F2B4CA       5    No     0000BA0C-0000BA15        A
F2B4DA       1    No     0000BA16-0000BA1B        6
F2B4EE       1    No     0000BA1C-0000BA21        6
F2B50C       1    No     0000BA22-0000BA27        6
F2B51B       4    No     0000BA28-0000BA30        9
F2B5B8       8    No     0000BA31-0000BA3D        D
F2B5C8       8    No     0000BA3E-0000BA4A        D
F2B5D8       8    No     0000BA4B-0000BA57        D
F2B5E8       8    No     0000BA58-0000BA64        D
F2B5F8       8    No     0000BA65-0000BA71        D
F2B608       8    No     0000BA72-0000BA7E        D
F2B618       8    No     0000BA7F-0000BA8B        D
F2B628       8    No     0000BA8C-0000BA98        D
F2B638       8    No     0000BA99-0000BAA5        D
F2B648       8    No     0000BAA6-0000BAB2        D
F2B658       8    No     0000BAB3-0000BABF        D
F2B668       8    No     0000BAC0-0000BACC        D
F2B678       8    No     0000BACD-0000BAD9        D
F2B688       8    No     0000BADA-0000BAE6        D
F2B698       8    No     0000BAE7-0000BAF3        D
F2B6A8       8    No     0000BAF4-0000BB00        D
F2B6B8       8    No     0000BB01-0000BB0D        D
F2B6C8       8    No     0000BB0E-0000BB1A        D
F2B6D8       8    No     0000BB1B-0000BB27        D
F2B6E8       8    No     0000BB28-0000BB34        D
F2B6F8       8    No     0000BB35-0000BB41        D
F2B708       8    No     0000BB42-0000BB4E        D
F2B718       8    No     0000BB4F-0000BB5B        D
F2B728       8    No     0000BB5C-0000BB68        D
F2B738       8    No     0000BB69-0000BB75        D
F2B748       8    No     0000BB76-0000BB82        D
F2B758       8    No     0000BB83-0000BB8F        D
F2B768       8    No     0000BB90-0000BB9C        D
F2B778       8    No     0000BB9D-0000BBA9        D
F2B788       8    No     0000BBAA-0000BBB6        D
F2B798       8    No     0000BBB7-0000BBC3        D
F2B7A8       8    No     0000BBC4-0000BBD0        D
F2B7B8       8    No     0000BBD1-0000BBDD        D
F2B7C8       8    No     0000BBDE-0000BBEA        D
F2B7D8       8    No     0000BBEB-0000BBF7        D
F2B7E8       8    No     0000BBF8-0000BC04        D
F2B7F8       8    No     0000BC05-0000BC11        D
F2B808       8    No     0000BC12-0000BC1E        D
F2B818       8    No     0000BC1F-0000BC2B        D
F2B828       8    No     0000BC2C-0000BC38        D
F2B838       8    No     0000BC39-0000BC45        D
F2B848       8    No     0000BC46-0000BC52        D
F2B858       8    No     0000BC53-0000BC5F        D
F2B868       8    No     0000BC60-0000BC6C        D
F2B878       8    No     0000BC6D-0000BC79        D
F2B888       8    No     0000BC7A-0000BC86        D
F2B898       8    No     0000BC87-0000BC93        D
F2B8A8       8    No     0000BC94-0000BCA0        D
F2B8B8       8    No     0000BCA1-0000BCAD        D
F2B8C8       8    No     0000BCAE-0000BCBA        D
F2B8D8       8    No     0000BCBB-0000BCC7        D
F2B8E8       8    No     0000BCC8-0000BCD4        D
F2B8F8       8    No     0000BCD5-0000BCE1        D
F2B908       8    No     0000BCE2-0000BCEE        D
F2B918       8    No     0000BCEF-0000BCFB        D
F2B928       8    No     0000BCFC-0000BD08        D
F2B938       8    No     0000BD09-0000BD15        D
F2B948       8    No     0000BD16-0000BD22        D
F2B958       8    No     0000BD23-0000BD2F        D
F2B968       8    No     0000BD30-0000BD3C        D
F2B978       8    No     0000BD3D-0000BD49        D
F2B988       8    No     0000BD4A-0000BD56        D
F2B998       8    No     0000BD57-0000BD63        D
F2C0F0      3B    No     0000BD64-0000BDA3       40
F2D760      3D    No     0000BDA4-0000BDE5       42
F2D8C0       2    No     0000BDE6-0000BDEC        7
F2D8C9       1    No     0000BDED-0000BDF2        6
F2D8D0       1    No     0000BDF3-0000BDF8        6
F2D920      12    No     0000BDF9-0000BE0F       17
F2D938       4    No     0000BE10-0000BE18        9
F30B00      8D    No     0000BE19-0000BEAA       92
F328F4      1C    No     0000BEAB-0000BECB       21
F32920       2    No     0000BECC-0000BED2        7
F32929       1    No     0000BED3-0000BED8        6
F32930       2    No     0000BED9-0000BEDF        7
F32939       1    No     0000BEE0-0000BEE5        6
F33AA2       A    No     0000BEE6-0000BEF4        F
F33AB2       A    No     0000BEF5-0000BF03        F
F33AC2      12    No     0000BF04-0000BF1A       17
F33ADA      18    No     0000BF1B-0000BF37       1D
F33AF9       1    No     0000BF38-0000BF3D        6
F33B01      11    No     0000BF3E-0000BF53       16
F33B19       1    No     0000BF54-0000BF59        6
F342B8       1    No     0000BF5A-0000BF5F        6
F342E0      3F    No     0000BF60-0000BFA3       44
F34445       3    No     0000BFA4-0000BFAB        8
F34455       3    No     0000BFAC-0000BFB3        8
F34465       3    No     0000BFB4-0000BFBB        8
F34475       3    No     0000BFBC-0000BFC3        8
F3448C      12    No     0000BFC4-0000BFDA       17
F34754       B    No     0000BFDB-0000BFEA       10
F348A0       7    No     0000BFEB-0000BFF6        C
F348B2       5    No     0000BFF7-0000C000        A
F348C3       3    No     0000C001-0000C008        8
F348D2       6    No     0000C009-0000C013        B
F348F6       2    No     0000C014-0000C01A        7
F34911       7    No     0000C01B-0000C026        C
F35529       4    No     0000C027-0000C02F        9
F35539       1    No     0000C030-0000C035        6
F3584C       4    No     0000C036-0000C03E        9
F3585A      26    No     0000C03F-0000C069       2B
F35948       1    No     0000C06A-0000C06F        6
F35962      1D    No     0000C070-0000C091       22
F35FC1      3F    No     0000C092-0000C0D5       44
F36011       F    No     0000C0D6-0000C0E9       14
F360A0       2    No     0000C0EA-0000C0F0        7
F360A8       2    No     0000C0F1-0000C0F7        7
F360B0       2    No     0000C0F8-0000C0FE        7
F360B8       2    No     0000C0FF-0000C105        7
F360C0      1A    No     0000C106-0000C124       1F
F360F0       2    No     0000C125-0000C12B        7
F360F8       1    No     0000C12C-0000C131        6
F36110       2    No     0000C132-0000C138        7
F36118       1    No     0000C139-0000C13E        6
F37421      1F    No     0000C13F-0000C162       24
F37620      1E    No     0000C163-0000C185       23
F501E6       9    No     0000C186-0000C193        E
F50216       5    No     0000C194-0000C19D        A
F5FF5D      1D    No     0000C19E-0000C1BF       22
F6014D       D    No     0000C1C0-0000C1D1       12
F601AD      1D    No     0000C1D2-0000C1F3       22
F601FD       D    No     0000C1F4-0000C205       12
F6028D       D    No     0000C206-0000C217       12
F602BD      4D    No     0000C218-0000C269       52
F6039D       D    No     0000C26A-0000C27B       12
F6101E       A    No     0000C27C-0000C28A        F
F6102E       A    No     0000C28B-0000C299        F
F6103E      12    No     0000C29A-0000C2B0       17
F61056      18    No     0000C2B1-0000C2CD       1D
F61075       1    No     0000C2CE-0000C2D3        6
F6107D      11    No     0000C2D4-0000C2E9       16
F61095       1    No     0000C2EA-0000C2EF        6
F6153D      3F    No     0000C2F0-0000C333       44
F6158D       F    No     0000C334-0000C347       14
F6161C       2    No     0000C348-0000C34E        7
F61624       2    No     0000C34F-0000C355        7
F6162C       2    No     0000C356-0000C35C        7
F61634       2    No     0000C35D-0000C363        7
F6163C      1A    No     0000C364-0000C382       1F
F6166C       2    No     0000C383-0000C389        7
F61674       1    No     0000C38A-0000C38F        6
F6168C       2    No     0000C390-0000C396        7
F61694       1    No     0000C397-0000C39C        6
F633EC      10    No     0000C39D-0000C3B1       15
F633FC      10    Yes    0000C3B2-0000C3B9        8
F6340F       D    No     0000C3BA-0000C3CB       12
F6350C       B    No     0000C3CC-0000C3DB       10
F642D4       3    No     0000C3DC-0000C3E3        8
F64314       5    No     0000C3E4-0000C3ED        A
F64354       5    No     0000C3EE-0000C3F7        A
F64394       5    No     0000C3F8-0000C401        A
F643D4       3    No     0000C402-0000C409        8
F64414      22    No     0000C40A-0000C430       27
F6443C      3C    No     0000C431-0000C471       41
F6447E      1A    No     0000C472-0000C490       1F
F66308       1    No     0000C491-0000C496        6
F66332       1    No     0000C497-0000C49C        6
F6C197       1    No     0000C49D-0000C4A2        6
F6C1AE       2    No     0000C4A3-0000C4A9        7
F6C290       1    No     0000C4AA-0000C4AF        6
F6C299       1    No     0000C4B0-0000C4B5        6
F6C2A8       2    No     0000C4B6-0000C4BC        7
F6C954       C    No     0000C4BD-0000C4CD       11
F6CA53      1D    No     0000C4CE-0000C4EF       22
F6CA76       2    No     0000C4F0-0000C4F6        7
F6CA7E       2    No     0000C4F7-0000C4FD        7
F6CB70       E    No     0000C4FE-0000C510       13
F6CC06       1    No     0000C511-0000C516        6
F6CC47       1    No     0000C517-0000C51C        6
F6CC4F       1    No     0000C51D-0000C522        6
F6CC63       1    No     0000C523-0000C528        6
F6CC6B       1    No     0000C529-0000C52E        6
F6CC72       B    No     0000C52F-0000C53E       10
F6D582       E    No     0000C53F-0000C551       13
F6D597       1    No     0000C552-0000C557        6
F6D59F       1    No     0000C558-0000C55D        6
F6D680      15    No     0000C55E-0000C577       1A
F6D69C       1    No     0000C578-0000C57D        6
F6D6BE       1    No     0000C57E-0000C583        6
F6D7BB       2    No     0000C584-0000C58A        7
F6E516       A    No     0000C58B-0000C599        F
F6E603       2    No     0000C59A-0000C5A0        7
F6E60C       6    No     0000C5A1-0000C5AB        B
F6E618       3    No     0000C5AC-0000C5B3        8
F6E6F7       1    No     0000C5B4-0000C5B9        6
F6EA9E       2    No     0000C5BA-0000C5C0        7
F6EB91      1F    No     0000C5C1-0000C5E4       24
F6F0EC       4    No     0000C5E5-0000C5ED        9
F6F1E6       A    No     0000C5EE-0000C5FC        F
F6F2E0       C    No     0000C5FD-0000C60D       11
F6F687       1    No     0000C60E-0000C613        6
F6F68F       1    No     0000C614-0000C619        6
F6F780       1    No     0000C61A-0000C61F        6
F6F788       2    No     0000C620-0000C626        7
F6F790       2    No     0000C627-0000C62D        7
F6F799       2    No     0000C62E-0000C634        7
F7DC00     180    No     0000C635-0000C7B9      185
F7E000      2A    No     0000C7BA-0000C7E8       2F
F7E100      42    No     0000C7E9-0000C82F       47
F7E200       B    No     0000C830-0000C83F       10
F7E600       9    No     0000C840-0000C84D        E
F7EA00    FFFF    No     0000C84E-0001C851    10004
F8E9FF    3923    No     0001C852-00020179     3928
FE4000      4C    No     0002017A-000201CA       51
FE4800     1B2    No     000201CB-00020381      1B7
FE4B00      51    No     00020382-000203D7       56
FE5000      55    No     000203D8-00020431       5A
FE6000       A    No     00020432-00020440        F
FE600A      12    Yes    00020441-00020448        8
FE601C      39    No     00020449-00020486       3E
FE7000      31    No     00020487-000204BC       36
FE7100      1B    No     000204BD-000204DC       20
FE7140      14    No     000204DD-000204F5       19
FE7200      2F    No     000204F6-00020529       34
FE7400      22    No     0002052A-00020550       27
FE7560      21    No     00020551-00020576       26
FE7800      3A    No     00020577-000205B5       3F
FE78A0      31    No     000205B6-000205EB       36
FE7900       A    No     000205EC-000205FA        F
FE7A00     124    No     000205FB-00020723      129
FE7B24      1A    Yes    00020724-0002072B        8
FE7B3E       5    No     0002072C-00020735        A
FE7B43      14    Yes    00020736-0002073D        8
FE7B57       B    No     0002073E-0002074D       10
FE7B62      14    Yes    0002074E-00020755        8
FE7B76      12    No     00020756-0002076C       17
FE7C00       F    No     0002076D-00020780       14
FE7C30      10    No     00020781-00020795       15
FE7C60      12    No     00020796-000207AC       17
FE7C90      18    No     000207AD-000207C9       1D
FE7CC0      17    No     000207CA-000207E5       1C
FE7CE0       D    No     000207E6-000207F7       12
FE8000      67    No     000207F8-00020863       6C
FE80C0      7A    No     00020864-000208E2       7F
FE8200    2000    No     000208E3-000228E7     2005
FEA400     305    No     000228E8-00022BF1      30A
FEA705       E    Yes    00022BF2-00022BF9        8
FEA713       5    No     00022BFA-00022C03        A
FEA718      10    Yes    00022C04-00022C0B        8
FEA728       4    No     00022C0C-00022C14        9
FEA72C      10    Yes    00022C15-00022C1C        8
FEA73C       2    No     00022C1D-00022C23        7
FEA73E      18    Yes    00022C24-00022C2B        8
FEA756      1E    No     00022C2C-00022C4E       23
FEA774       E    Yes    00022C4F-00022C56        8
FEA782      11    No     00022C57-00022C6C       16
FEA793      14    Yes    00022C6D-00022C74        8
FEA7A7     1B5    No     00022C75-00022E2E      1BA
FEA95C      16    Yes    00022E2F-00022E36        8
FEA972     20F    No     00022E37-0002304A      214
FEAB81       E    Yes    0002304B-00023052        8
FEAB8F     245    No     00023053-0002329C      24A
FEADD4      10    Yes    0002329D-000232A4        8
FEADE4     400    No     000232A5-000236A9      405
FEB1E4       E    Yes    000236AA-000236B1        8
FEB1F2       5    No     000236B2-000236BB        A
FEB1F7       F    Yes    000236BC-000236C3        8
FEB206       3    No     000236C4-000236CB        8
FEB209      11    Yes    000236CC-000236D3        8
FEB21A       2    No     000236D4-000236DA        7
FEB21C      12    Yes    000236DB-000236E2        8
FEB22E       1    No     000236E3-000236E8        6
FEB22F      12    Yes    000236E9-000236F0        8
FEB241       2    No     000236F1-000236F7        7
FEB243      12    Yes    000236F8-000236FF        8
FEB255       1    No     00023700-00023705        6
FEB256      27    Yes    00023706-0002370D        8
FEB27D      79    No     0002370E-0002378B       7E
FEB2F6      13    Yes    0002378C-00023793        8
FEB309       1    No     00023794-00023799        6
FEB30A      13    Yes    0002379A-000237A1        8
FEB31D       1    No     000237A2-000237A7        6
FEB31E      13    Yes    000237A8-000237AF        8
FEB331       1    No     000237B0-000237B5        6
FEB332      13    Yes    000237B6-000237BD        8
FEB345       1    No     000237BE-000237C3        6
FEB346      13    Yes    000237C4-000237CB        8
FEB359      77    No     000237CC-00023847       7C
FEB3D0       E    Yes    00023848-0002384F        8
FEB3DE       6    No     00023850-0002385A        B
FEB3E4       E    Yes    0002385B-00023862        8
FEB3F2       6    No     00023863-0002386D        B
FEB3F8       E    Yes    0002386E-00023875        8
FEB406       6    No     00023876-00023880        B
FEB40C       E    Yes    00023881-00023888        8
FEB41A       6    Yes    00023889-00023890        8
FEB420       E    Yes    00023891-00023898        8
FEB42E     CB7    No     00023899-00024554      CBC
FEC400     582    No     00024555-00024ADB      587
FED000      9C    Yes    00024ADC-00024AE3        8
FED09C       1    No     00024AE4-00024AE9        6
FED09D      18    Yes    00024AEA-00024AF1        8
FED0B5       1    No     00024AF2-00024AF7        6
FED0B6     15B    Yes    00024AF8-00024AFF        8
FED211       F    No     00024B00-00024B13       14
FED220      16    Yes    00024B14-00024B1B        8
FED236       3    No     00024B1C-00024B23        8
FED239      D4    Yes    00024B24-00024B2B        8
FED30D       E    No     00024B2C-00024B3E       13
FED31B      31    Yes    00024B3F-00024B46        8
FED34C       2    No     00024B47-00024B4D        7
FED34E      6D    Yes    00024B4E-00024B55        8
FED3BB       D    No     00024B56-00024B67       12
FED3C8      14    Yes    00024B68-00024B6F        8
FED3DC       2    No     00024B70-00024B76        7
FED3DE     C22    Yes    00024B77-00024B7E        8
FFE000       1    No     00024B7F-00024B84        6
FFE001       F    Yes    00024B85-00024B8C        8
FFE010       2    No     00024B8D-00024B93        7
FFE012       E    Yes    00024B94-00024B9B        8
FFE020      12    No     00024B9C-00024BB2       17
FFE032       E    Yes    00024BB3-00024BBA        8
FFE040       2    No     00024BBB-00024BC1        7
FFE042       E    Yes    00024BC2-00024BC9        8
FFE050       2    No     00024BCA-00024BD0        7
FFE052       E    Yes    00024BD1-00024BD8        8
FFE060       2    No     00024BD9-00024BDF        7
FFE062       E    Yes    00024BE0-00024BE7        8
FFE070       2    No     00024BE8-00024BEE        7
FFE072       E    Yes    00024BEF-00024BF6        8
FFE080       2    No     00024BF7-00024BFD        7
FFE082       E    Yes    00024BFE-00024C05        8
FFE090       2    No     00024C06-00024C0C        7
FFE092       E    Yes    00024C0D-00024C14        8
FFE0A0       2    No     00024C15-00024C1B        7
FFE0A2       E    Yes    00024C1C-00024C23        8
FFE0B0       2    No     00024C24-00024C2A        7
FFE0B2       E    Yes    00024C2B-00024C32        8
FFE0C0       2    No     00024C33-00024C39        7
FFE0C2       E    Yes    00024C3A-00024C41        8
FFE0D0       2    No     00024C42-00024C48        7
FFE0D2       E    Yes    00024C49-00024C50        8
FFE0E0       2    No     00024C51-00024C57        7
FFE0E2       E    Yes    00024C58-00024C5F        8
FFE0F0       2    No     00024C60-00024C66        7
FFE0F2       E    Yes    00024C67-00024C6E        8
FFE100       2    No     00024C6F-00024C75        7
FFE102       E    Yes    00024C76-00024C7D        8
FFE110       2    No     00024C7E-00024C84        7
FFE112       E    Yes    00024C85-00024C8C        8
FFE120       2    No     00024C8D-00024C93        7
FFE122       E    Yes    00024C94-00024C9B        8
FFE130       2    No     00024C9C-00024CA2        7
FFE132       E    Yes    00024CA3-00024CAA        8
FFE140       2    No     00024CAB-00024CB1        7
FFE142       E    Yes    00024CB2-00024CB9        8
FFE150       2    No     00024CBA-00024CC0        7
FFE152       E    Yes    00024CC1-00024CC8        8
FFE160       2    No     00024CC9-00024CCF        7
FFE162       E    Yes    00024CD0-00024CD7        8
FFE170       2    No     00024CD8-00024CDE        7
FFE172       E    Yes    00024CDF-00024CE6        8
FFE180       2    No     00024CE7-00024CED        7
FFE182       E    Yes    00024CEE-00024CF5        8
FFE190       2    No     00024CF6-00024CFC        7
FFE192       E    Yes    00024CFD-00024D04        8
FFE1A0       2    No     00024D05-00024D0B        7
FFE1A2       E    Yes    00024D0C-00024D13        8
FFE1B0       2    No     00024D14-00024D1A        7
FFE1B2       E    Yes    00024D1B-00024D22        8
FFE1C0      22    No     00024D23-00024D49       27
FFE1E2       E    Yes    00024D4A-00024D51        8
FFE1F0       2    No     00024D52-00024D58        7
FFE1F2       E    Yes    00024D59-00024D60        8
FFE200       2    No     00024D61-00024D67        7
FFE202       E    Yes    00024D68-00024D6F        8
FFE210       2    No     00024D70-00024D76        7
FFE212       E    Yes    00024D77-00024D7E        8
FFE220       2    No     00024D7F-00024D85        7
FFE222       E    Yes    00024D86-00024D8D        8
FFE230       2    No     00024D8E-00024D94        7
FFE232       E    Yes    00024D95-00024D9C        8
FFE240       2    No     00024D9D-00024DA3        7
FFE242       E    Yes    00024DA4-00024DAB        8
FFE250       2    No     00024DAC-00024DB2        7
FFE252       E    Yes    00024DB3-00024DBA        8
FFE260       2    No     00024DBB-00024DC1        7
FFE262       E    Yes    00024DC2-00024DC9        8
FFE270      12    No     00024DCA-00024DE0       17
FFE282       E    Yes    00024DE1-00024DE8        8
FFE290       2    No     00024DE9-00024DEF        7
FFE292       E    Yes    00024DF0-00024DF7        8
FFE2A0       2    No     00024DF8-00024DFE        7
FFE2A2       E    Yes    00024DFF-00024E06        8
FFE2B0       2    No     00024E07-00024E0D        7
FFE2B2       E    Yes    00024E0E-00024E15        8
FFE2C0       2    No     00024E16-00024E1C        7
FFE2C2       E    Yes    00024E1D-00024E24        8
FFE2D0       2    No     00024E25-00024E2B        7
FFE2D2       E    Yes    00024E2C-00024E33        8
FFE2E0       2    No     00024E34-00024E3A        7
FFE2E2       E    Yes    00024E3B-00024E42        8
FFE2F0       2    No     00024E43-00024E49        7
FFE2F2       E    Yes    00024E4A-00024E51        8
FFE300       2    No     00024E52-00024E58        7
FFE302       E    Yes    00024E59-00024E60        8
FFE310      12    No     00024E61-00024E77       17
FFE322       E    Yes    00024E78-00024E7F        8
FFE330       2    No     00024E80-00024E86        7
FFE332       E    Yes    00024E87-00024E8E        8
FFE340       2    No     00024E8F-00024E95        7
FFE342       E    Yes    00024E96-00024E9D        8
FFE350       2    No     00024E9E-00024EA4        7
FFE352       E    Yes    00024EA5-00024EAC        8
FFE360       2    No     00024EAD-00024EB3        7
FFE362       E    Yes    00024EB4-00024EBB        8
FFE370      32    No     00024EBC-00024EF2       37
FFE3A2       E    Yes    00024EF3-00024EFA        8
FFE3B0       2    No     00024EFB-00024F01        7
FFE3B2       E    Yes    00024F02-00024F09        8
FFE3C0      22    No     00024F0A-00024F30       27
FFE3E2       E    Yes    00024F31-00024F38        8
FFE3F0       2    No     00024F39-00024F3F        7
FFE3F2       E    Yes    00024F40-00024F47        8
FFE400       2    No     00024F48-00024F4E        7
FFE402       E    Yes    00024F4F-00024F56        8
FFE410      82    No     00024F57-00024FDD       87
FFE492       E    Yes    00024FDE-00024FE5        8
FFE4A0       2    No     00024FE6-00024FEC        7
FFE4A2       E    Yes    00024FED-00024FF4        8
FFE4B0       2    No     00024FF5-00024FFB        7
FFE4B2       E    Yes    00024FFC-00025003        8
FFE4C0       2    No     00025004-0002500A        7
FFE4C2       E    Yes    0002500B-00025012        8
FFE4D0      12    No     00025013-00025029       17
FFE4E2       E    Yes    0002502A-00025031        8
FFE4F0       2    No     00025032-00025038        7
FFE4F2       E    Yes    00025039-00025040        8
FFE500       2    No     00025041-00025047        7
FFE502       E    Yes    00025048-0002504F        8
FFE510       2    No     00025050-00025056        7
FFE512       E    Yes    00025057-0002505E        8
FFE520       2    No     0002505F-00025065        7
FFE522       E    Yes    00025066-0002506D        8
FFE530       2    No     0002506E-00025074        7
FFE532       E    Yes    00025075-0002507C        8
FFE540       2    No     0002507D-00025083        7
FFE542       E    Yes    00025084-0002508B        8
FFE550      62    No     0002508C-000250F2       67
FFE5B2       E    Yes    000250F3-000250FA        8
FFE5C0       2    No     000250FB-00025101        7
FFE5C2       E    Yes    00025102-00025109        8
FFE5D0       2    No     0002510A-00025110        7
FFE5D2       E    Yes    00025111-00025118        8
FFE5E0       2    No     00025119-0002511F        7
FFE5E2       E    Yes    00025120-00025127        8
FFE5F0      22    No     00025128-0002514E       27
FFE612       E    Yes    0002514F-00025156        8
FFE620       2    No     00025157-0002515D        7
FFE622       E    Yes    0002515E-00025165        8
FFE630      12    No     00025166-0002517C       17
FFE642       E    Yes    0002517D-00025184        8
FFE650      32    No     00025185-000251BB       37
FFE682       E    Yes    000251BC-000251C3        8
FFE690       2    No     000251C4-000251CA        7
FFE692       E    Yes    000251CB-000251D2        8
FFE6A0      32    No     000251D3-00025209       37
FFE6D2       E    Yes    0002520A-00025211        8
FFE6E0      12    No     00025212-00025228       17
FFE6F2       E    Yes    00025229-00025230        8
FFE700       2    No     00025231-00025237        7
FFE702       E    Yes    00025238-0002523F        8
FFE710       2    No     00025240-00025246        7
FFE712       E    Yes    00025247-0002524E        8
FFE720       2    No     0002524F-00025255        7
FFE722       E    Yes    00025256-0002525D        8
FFE730       2    No     0002525E-00025264        7
FFE732       E    Yes    00025265-0002526C        8
FFE740       2    No     0002526D-00025273        7
FFE742       E    Yes    00025274-0002527B        8
FFE750       2    No     0002527C-00025282        7
FFE752       E    Yes    00025283-0002528A        8
FFE760       2    No     0002528B-00025291        7
FFE762       E    Yes    00025292-00025299        8
FFE770       2    No     0002529A-000252A0        7
FFE772       E    Yes    000252A1-000252A8        8
FFE780       2    No     000252A9-000252AF        7
FFE782       E    Yes    000252B0-000252B7        8
FFE790       2    No     000252B8-000252BE        7
FFE792       E    Yes    000252BF-000252C6        8
FFE7A0       2    No     000252C7-000252CD        7
FFE7A2       E    Yes    000252CE-000252D5        8
FFE7B0       2    No     000252D6-000252DC        7
FFE7B2       E    Yes    000252DD-000252E4        8
FFE7C0       2    No     000252E5-000252EB        7
FFE7C2       E    Yes    000252EC-000252F3        8
FFE7D0       2    No     000252F4-000252FA        7
FFE7D2       E    Yes    000252FB-00025302        8
FFE7E0       1    No     00025303-00025308        6
FFE7E1       F    Yes    00025309-00025310        8
------    ----    EOF    00025311-00025313        3

Total Patches: 609 (1545)
